<?xml version="1.0" encoding="UTF-8"?>
<!-- Generated by org.testng.reporters.JUnitReportReporter -->
<testsuite hostname="qedge-PC" name="xsltreports.gmaillaunch" tests="1" failures="0" timestamp="30 Dec 2015 08:48:40 GMT" time="15.637" errors="0">
  <testcase name="gmailtest" time="15.637" classname="xsltreports.gmaillaunch"/>
</testsuite> <!-- xsltreports.gmaillaunch -->
