<?xml version="1.0" encoding="UTF-8"?>
<!-- Generated by org.testng.reporters.JUnitReportReporter -->
<testsuite hostname="qedge-PC" name="xsltreports.google" tests="1" failures="0" timestamp="30 Dec 2015 08:48:40 GMT" time="16.852" errors="0">
  <testcase name="test" time="16.852" classname="xsltreports.google"/>
</testsuite> <!-- xsltreports.google -->
