<?xml version="1.0" encoding="UTF-8"?>
<!-- Generated by org.testng.reporters.JUnitReportReporter -->
<testsuite hostname="qedge-PC" name="xtentreport.extentreportgenera" tests="1" failures="0" timestamp="30 Dec 2015 09:19:20 GMT" time="24.285" errors="0">
  <testcase name="xtentTest" time="24.285" classname="xtentreport.extentreportgenera"/>
</testsuite> <!-- xtentreport.extentreportgenera -->
