<?xml version="1.0" encoding="UTF-8"?>
<!-- Generated by org.testng.reporters.JUnitReportReporter -->
<testsuite hostname="qedge-PC" name="xtentreport.extent2" tests="1" failures="0" timestamp="30 Dec 2015 08:38:57 GMT" time="19.146" errors="0">
  <testcase name="test" time="19.146" classname="xtentreport.extent2"/>
</testsuite> <!-- xtentreport.extent2 -->
